# JRE version: OpenJDK Runtime Environment Temurin-17.0.8.1+1 (17.0.8.1+1) (build 17.0.8.1+1)
# Java VM: OpenJDK 64-Bit Server VM Temurin-17.0.8.1+1 (17.0.8.1+1, mixed mode, tiered, compressed oops, compressed class ptrs, parallel gc, windows-amd64)
GC Precious Log:
 CPUs: 4 total, 4 available
 Memory: 16262M
 Large Page Support: Disabled
 NUMA Support: Disabled
 Compressed Oops: Enabled (32-bit)
 Alignments: Space 512K, Generation 512K, Heap 2M
 Heap Min Capacity: 100M
 Heap Initial Capacity: 100M
 Heap Max Capacity: 1G
 Pre-touch: Disabled
 Parallel Workers: 4
Heap:
 PSYoungGen      total 16384K, used 16352K [0x00000000eab00000, 0x00000000ec080000, 0x0000000100000000)
  eden space 12288K, 99% used [0x00000000eab00000,0x00000000eb6ffff0,0x00000000eb700000)
  from space 4096K, 99% used [0x00000000ebb80000,0x00000000ebf78020,0x00000000ebf80000)
  to   space 4608K, 99% used [0x00000000eb700000,0x00000000ebb79910,0x00000000ebb80000)
 ParOldGen       total 172544K, used 124840K [0x00000000c0000000, 0x00000000ca880000, 0x00000000eab00000)
  object space 172544K, 72% used [0x00000000c0000000,0x00000000c79ea380,0x00000000ca880000)
 Metaspace       used 90539K, committed 91776K, reserved 1179648K
  class space    used 8823K, committed 9408K, reserved 1048576K
GC Heap History (20 events):
Event: 5410.954 GC heap after
{Heap after GC invocations=10743 (full 214):
 PSYoungGen      total 15872K, used 2025K [0x00000000eab00000, 0x00000000ebd80000, 0x0000000100000000)
  eden space 13824K, 0% used [0x00000000eab00000,0x00000000eab00000,0x00000000eb880000)
  from space 2048K, 98% used [0x00000000eb880000,0x00000000eba7a660,0x00000000eba80000)
  to   space 2560K, 0% used [0x00000000ebb00000,0x00000000ebb00000,0x00000000ebd80000)
 ParOldGen       total 172544K, used 120541K [0x00000000c0000000, 0x00000000ca880000, 0x00000000eab00000)
  object space 172544K, 69% used [0x00000000c0000000,0x00000000c75b7458,0x00000000ca880000)
 Metaspace       used 90538K, committed 91776K, reserved 1179648K
  class space    used 8823K, committed 9408K, reserved 1048576K
}
Event: 5412.931 GC heap before
{Heap before GC invocations=10744 (full 214):
 PSYoungGen      total 15872K, used 15849K [0x00000000eab00000, 0x00000000ebd80000, 0x0000000100000000)
  eden space 13824K, 99% used [0x00000000eab00000,0x00000000eb87fff0,0x00000000eb880000)
  from space 2048K, 98% used [0x00000000eb880000,0x00000000eba7a660,0x00000000eba80000)
  to   space 2560K, 0% used [0x00000000ebb00000,0x00000000ebb00000,0x00000000ebd80000)
 ParOldGen       total 172544K, used 120541K [0x00000000c0000000, 0x00000000ca880000, 0x00000000eab00000)
  object space 172544K, 69% used [0x00000000c0000000,0x00000000c75b7458,0x00000000ca880000)
 Metaspace       used 90538K, committed 91776K, reserved 1179648K
  class space    used 8823K, committed 9408K, reserved 1048576K
}
Event: 5412.935 GC heap after
{Heap after GC invocations=10744 (full 214):
 PSYoungGen      total 16384K, used 2249K [0x00000000eab00000, 0x00000000ebd80000, 0x0000000100000000)
  eden space 13824K, 0% used [0x00000000eab00000,0x00000000eab00000,0x00000000eb880000)
  from space 2560K, 87% used [0x00000000ebb00000,0x00000000ebd32660,0x00000000ebd80000)
  to   space 2560K, 0% used [0x00000000eb880000,0x00000000eb880000,0x00000000ebb00000)
 ParOldGen       total 172544K, used 120557K [0x00000000c0000000, 0x00000000ca880000, 0x00000000eab00000)
  object space 172544K, 69% used [0x00000000c0000000,0x00000000c75bb458,0x00000000ca880000)
 Metaspace       used 90538K, committed 91776K, reserved 1179648K
  class space    used 8823K, committed 9408K, reserved 1048576K
}
Event: 5416.541 GC heap before
{Heap before GC invocations=10745 (full 214):
 PSYoungGen      total 16384K, used 16073K [0x00000000eab00000, 0x00000000ebd80000, 0x0000000100000000)
  eden space 13824K, 100% used [0x00000000eab00000,0x00000000eb880000,0x00000000eb880000)
  from space 2560K, 87% used [0x00000000ebb00000,0x00000000ebd32660,0x00000000ebd80000)
  to   space 2560K, 0% used [0x00000000eb880000,0x00000000eb880000,0x00000000ebb00000)
 ParOldGen       total 172544K, used 120557K [0x00000000c0000000, 0x00000000ca880000, 0x00000000eab00000)
  object space 172544K, 69% used [0x00000000c0000000,0x00000000c75bb458,0x00000000ca880000)
 Metaspace       used 90539K, committed 91776K, reserved 1179648K
  class space    used 8823K, committed 9408K, reserved 1048576K
}
Event: 5416.544 GC heap after
{Heap after GC invocations=10745 (full 214):
 PSYoungGen      total 16384K, used 2537K [0x00000000eab00000, 0x00000000ebe80000, 0x0000000100000000)
  eden space 13824K, 0% used [0x00000000eab00000,0x00000000eab00000,0x00000000eb880000)
  from space 2560K, 99% used [0x00000000eb880000,0x00000000ebafa680,0x00000000ebb00000)
  to   space 3072K, 0% used [0x00000000ebb80000,0x00000000ebb80000,0x00000000ebe80000)
 ParOldGen       total 172544K, used 120685K [0x00000000c0000000, 0x00000000ca880000, 0x00000000eab00000)
  object space 172544K, 69% used [0x00000000c0000000,0x00000000c75db458,0x00000000ca880000)
 Metaspace       used 90539K, committed 91776K, reserved 1179648K
  class space    used 8823K, committed 9408K, reserved 1048576K
}
Event: 5417.893 GC heap before
{Heap before GC invocations=10746 (full 214):
 PSYoungGen      total 16384K, used 16361K [0x00000000eab00000, 0x00000000ebe80000, 0x0000000100000000)
  eden space 13824K, 100% used [0x00000000eab00000,0x00000000eb880000,0x00000000eb880000)
  from space 2560K, 99% used [0x00000000eb880000,0x00000000ebafa680,0x00000000ebb00000)
  to   space 3072K, 0% used [0x00000000ebb80000,0x00000000ebb80000,0x00000000ebe80000)
 ParOldGen       total 172544K, used 120685K [0x00000000c0000000, 0x00000000ca880000, 0x00000000eab00000)
  object space 172544K, 69% used [0x00000000c0000000,0x00000000c75db458,0x00000000ca880000)
 Metaspace       used 90539K, committed 91776K, reserved 1179648K
  class space    used 8823K, committed 9408K, reserved 1048576K
}
Event: 5417.896 GC heap after
{Heap after GC invocations=10746 (full 214):
 PSYoungGen      total 16896K, used 2681K [0x00000000eab00000, 0x00000000ebe80000, 0x0000000100000000)
  eden space 13824K, 0% used [0x00000000eab00000,0x00000000eab00000,0x00000000eb880000)
  from space 3072K, 87% used [0x00000000ebb80000,0x00000000ebe1e690,0x00000000ebe80000)
  to   space 3072K, 0% used [0x00000000eb880000,0x00000000eb880000,0x00000000ebb80000)
 ParOldGen       total 172544K, used 121160K [0x00000000c0000000, 0x00000000ca880000, 0x00000000eab00000)
  object space 172544K, 70% used [0x00000000c0000000,0x00000000c7652318,0x00000000ca880000)
 Metaspace       used 90539K, committed 91776K, reserved 1179648K
  class space    used 8823K, committed 9408K, reserved 1048576K
}
Event: 5418.695 GC heap before
{Heap before GC invocations=10747 (full 214):
 PSYoungGen      total 16896K, used 16505K [0x00000000eab00000, 0x00000000ebe80000, 0x0000000100000000)
  eden space 13824K, 100% used [0x00000000eab00000,0x00000000eb880000,0x00000000eb880000)
  from space 3072K, 87% used [0x00000000ebb80000,0x00000000ebe1e690,0x00000000ebe80000)
  to   space 3072K, 0% used [0x00000000eb880000,0x00000000eb880000,0x00000000ebb80000)
 ParOldGen       total 172544K, used 121160K [0x00000000c0000000, 0x00000000ca880000, 0x00000000eab00000)
  object space 172544K, 70% used [0x00000000c0000000,0x00000000c7652318,0x00000000ca880000)
 Metaspace       used 90539K, committed 91776K, reserved 1179648K
  class space    used 8823K, committed 9408K, reserved 1048576K
}
Event: 5418.698 GC heap after
{Heap after GC invocations=10747 (full 214):
 PSYoungGen      total 16896K, used 2729K [0x00000000eab00000, 0x00000000ebe80000, 0x0000000100000000)
  eden space 13824K, 0% used [0x00000000eab00000,0x00000000eab00000,0x00000000eb880000)
  from space 3072K, 88% used [0x00000000eb880000,0x00000000ebb2a680,0x00000000ebb80000)
  to   space 3072K, 0% used [0x00000000ebb80000,0x00000000ebb80000,0x00000000ebe80000)
 ParOldGen       total 172544K, used 121160K [0x00000000c0000000, 0x00000000ca880000, 0x00000000eab00000)
  object space 172544K, 70% used [0x00000000c0000000,0x00000000c7652318,0x00000000ca880000)
 Metaspace       used 90539K, committed 91776K, reserved 1179648K
  class space    used 8823K, committed 9408K, reserved 1048576K
}
Event: 5428.335 GC heap before
{Heap before GC invocations=10748 (full 214):
 PSYoungGen      total 16896K, used 16553K [0x00000000eab00000, 0x00000000ebe80000, 0x0000000100000000)
  eden space 13824K, 100% used [0x00000000eab00000,0x00000000eb880000,0x00000000eb880000)
  from space 3072K, 88% used [0x00000000eb880000,0x00000000ebb2a680,0x00000000ebb80000)
  to   space 3072K, 0% used [0x00000000ebb80000,0x00000000ebb80000,0x00000000ebe80000)
 ParOldGen       total 172544K, used 121160K [0x00000000c0000000, 0x00000000ca880000, 0x00000000eab00000)
  object space 172544K, 70% used [0x00000000c0000000,0x00000000c7652318,0x00000000ca880000)
 Metaspace       used 90539K, committed 91776K, reserved 1179648K
  class space    used 8823K, committed 9408K, reserved 1048576K
}
Event: 5428.344 GC heap after
{Heap after GC invocations=10748 (full 214):
 PSYoungGen      total 15872K, used 3041K [0x00000000eab00000, 0x00000000ec080000, 0x0000000100000000)
  eden space 12800K, 0% used [0x00000000eab00000,0x00000000eab00000,0x00000000eb780000)
  from space 3072K, 98% used [0x00000000ebb80000,0x00000000ebe78438,0x00000000ebe80000)
  to   space 4096K, 0% used [0x00000000eb780000,0x00000000eb780000,0x00000000ebb80000)
 ParOldGen       total 172544K, used 121992K [0x00000000c0000000, 0x00000000ca880000, 0x00000000eab00000)
  object space 172544K, 70% used [0x00000000c0000000,0x00000000c7722000,0x00000000ca880000)
 Metaspace       used 90539K, committed 91776K, reserved 1179648K
  class space    used 8823K, committed 9408K, reserved 1048576K
}
Event: 5428.392 GC heap before
{Heap before GC invocations=10749 (full 214):
 PSYoungGen      total 15872K, used 15841K [0x00000000eab00000, 0x00000000ec080000, 0x0000000100000000)
  eden space 12800K, 100% used [0x00000000eab00000,0x00000000eb780000,0x00000000eb780000)
  from space 3072K, 98% used [0x00000000ebb80000,0x00000000ebe78438,0x00000000ebe80000)
  to   space 4096K, 0% used [0x00000000eb780000,0x00000000eb780000,0x00000000ebb80000)
 ParOldGen       total 172544K, used 121992K [0x00000000c0000000, 0x00000000ca880000, 0x00000000eab00000)
  object space 172544K, 70% used [0x00000000c0000000,0x00000000c7722000,0x00000000ca880000)
 Metaspace       used 90539K, committed 91776K, reserved 1179648K
  class space    used 8823K, committed 9408K, reserved 1048576K
}
Event: 5428.396 GC heap after
{Heap after GC invocations=10749 (full 214):
 PSYoungGen      total 16896K, used 4072K [0x00000000eab00000, 0x00000000ec180000, 0x0000000100000000)
  eden space 12800K, 0% used [0x00000000eab00000,0x00000000eab00000,0x00000000eb780000)
  from space 4096K, 99% used [0x00000000eb780000,0x00000000ebb7a200,0x00000000ebb80000)
  to   space 5120K, 0% used [0x00000000ebc80000,0x00000000ebc80000,0x00000000ec180000)
 ParOldGen       total 172544K, used 122728K [0x00000000c0000000, 0x00000000ca880000, 0x00000000eab00000)
  object space 172544K, 71% used [0x00000000c0000000,0x00000000c77da000,0x00000000ca880000)
 Metaspace       used 90539K, committed 91776K, reserved 1179648K
  class space    used 8823K, committed 9408K, reserved 1048576K
}
Event: 5431.855 GC heap before
{Heap before GC invocations=10750 (full 214):
 PSYoungGen      total 16896K, used 16872K [0x00000000eab00000, 0x00000000ec180000, 0x0000000100000000)
  eden space 12800K, 100% used [0x00000000eab00000,0x00000000eb780000,0x00000000eb780000)
  from space 4096K, 99% used [0x00000000eb780000,0x00000000ebb7a200,0x00000000ebb80000)
  to   space 5120K, 0% used [0x00000000ebc80000,0x00000000ebc80000,0x00000000ec180000)
 ParOldGen       total 172544K, used 122728K [0x00000000c0000000, 0x00000000ca880000, 0x00000000eab00000)
  object space 172544K, 71% used [0x00000000c0000000,0x00000000c77da000,0x00000000ca880000)
 Metaspace       used 90539K, committed 91776K, reserved 1179648K
  class space    used 8823K, committed 9408K, reserved 1048576K
}
Event: 5431.859 GC heap after
{Heap after GC invocations=10750 (full 214):
 PSYoungGen      total 16384K, used 3152K [0x00000000eab00000, 0x00000000ec000000, 0x0000000100000000)
  eden space 12800K, 0% used [0x00000000eab00000,0x00000000eab00000,0x00000000eb780000)
  from space 3584K, 87% used [0x00000000ebc80000,0x00000000ebf94030,0x00000000ec000000)
  to   space 4096K, 0% used [0x00000000eb800000,0x00000000eb800000,0x00000000ebc00000)
 ParOldGen       total 172544K, used 122989K [0x00000000c0000000, 0x00000000ca880000, 0x00000000eab00000)
  object space 172544K, 71% used [0x00000000c0000000,0x00000000c781b480,0x00000000ca880000)
 Metaspace       used 90539K, committed 91776K, reserved 1179648K
  class space    used 8823K, committed 9408K, reserved 1048576K
}
Event: 5434.802 GC heap before
{Heap before GC invocations=10751 (full 214):
 PSYoungGen      total 16384K, used 15952K [0x00000000eab00000, 0x00000000ec000000, 0x0000000100000000)
  eden space 12800K, 100% used [0x00000000eab00000,0x00000000eb780000,0x00000000eb780000)
  from space 3584K, 87% used [0x00000000ebc80000,0x00000000ebf94030,0x00000000ec000000)
  to   space 4096K, 0% used [0x00000000eb800000,0x00000000eb800000,0x00000000ebc00000)
 ParOldGen       total 172544K, used 122989K [0x00000000c0000000, 0x00000000ca880000, 0x00000000eab00000)
  object space 172544K, 71% used [0x00000000c0000000,0x00000000c781b480,0x00000000ca880000)
 Metaspace       used 90539K, committed 91776K, reserved 1179648K
  class space    used 8823K, committed 9408K, reserved 1048576K
}
Event: 5434.805 GC heap after
{Heap after GC invocations=10751 (full 214):
 PSYoungGen      total 16384K, used 3520K [0x00000000eab00000, 0x00000000ebf80000, 0x0000000100000000)
  eden space 12800K, 0% used [0x00000000eab00000,0x00000000eab00000,0x00000000eb780000)
  from space 3584K, 98% used [0x00000000eb800000,0x00000000ebb70060,0x00000000ebb80000)
  to   space 4096K, 0% used [0x00000000ebb80000,0x00000000ebb80000,0x00000000ebf80000)
 ParOldGen       total 172544K, used 122989K [0x00000000c0000000, 0x00000000ca880000, 0x00000000eab00000)
  object space 172544K, 71% used [0x00000000c0000000,0x00000000c781b480,0x00000000ca880000)
 Metaspace       used 90539K, committed 91776K, reserved 1179648K
  class space    used 8823K, committed 9408K, reserved 1048576K
}
Event: 5435.134 GC heap before
{Heap before GC invocations=10752 (full 214):
 PSYoungGen      total 16384K, used 16320K [0x00000000eab00000, 0x00000000ebf80000, 0x0000000100000000)
  eden space 12800K, 100% used [0x00000000eab00000,0x00000000eb780000,0x00000000eb780000)
  from space 3584K, 98% used [0x00000000eb800000,0x00000000ebb70060,0x00000000ebb80000)
  to   space 4096K, 0% used [0x00000000ebb80000,0x00000000ebb80000,0x00000000ebf80000)
 ParOldGen       total 172544K, used 122989K [0x00000000c0000000, 0x00000000ca880000, 0x00000000eab00000)
  object space 172544K, 71% used [0x00000000c0000000,0x00000000c781b480,0x00000000ca880000)
 Metaspace       used 90539K, committed 91776K, reserved 1179648K
  class space    used 8823K, committed 9408K, reserved 1048576K
}
Event: 5435.137 GC heap after
{Heap after GC invocations=10752 (full 214):
 PSYoungGen      total 16384K, used 4064K [0x00000000eab00000, 0x00000000ec080000, 0x0000000100000000)
  eden space 12288K, 0% used [0x00000000eab00000,0x00000000eab00000,0x00000000eb700000)
  from space 4096K, 99% used [0x00000000ebb80000,0x00000000ebf78020,0x00000000ebf80000)
  to   space 4608K, 0% used [0x00000000eb700000,0x00000000eb700000,0x00000000ebb80000)
 ParOldGen       total 172544K, used 123013K [0x00000000c0000000, 0x00000000ca880000, 0x00000000eab00000)
  object space 172544K, 71% used [0x00000000c0000000,0x00000000c7821480,0x00000000ca880000)
 Metaspace       used 90539K, committed 91776K, reserved 1179648K
  class space    used 8823K, committed 9408K, reserved 1048576K
}
Event: 5436.271 GC heap before
{Heap before GC invocations=10753 (full 214):
 PSYoungGen      total 16384K, used 16352K [0x00000000eab00000, 0x00000000ec080000, 0x0000000100000000)
  eden space 12288K, 99% used [0x00000000eab00000,0x00000000eb6ffff0,0x00000000eb700000)
  from space 4096K, 99% used [0x00000000ebb80000,0x00000000ebf78020,0x00000000ebf80000)
  to   space 4608K, 0% used [0x00000000eb700000,0x00000000eb700000,0x00000000ebb80000)
 ParOldGen       total 172544K, used 123013K [0x00000000c0000000, 0x00000000ca880000, 0x00000000eab00000)
  object space 172544K, 71% used [0x00000000c0000000,0x00000000c7821480,0x00000000ca880000)
 Metaspace       used 90539K, committed 91776K, reserved 1179648K
  class space    used 8823K, committed 9408K, reserved 1048576K
}

